{
  "0 debug pnpm:scope": {
    "selected": 1
  },
  "1 error pnpm": {
    "code": "ELIFECYCLE",
    "errno": "ENOENT",
    "syscall": "spawn",
    "file": "sh",
    "pkgid": "txclass_manager@0.1.0",
    "stage": "build",
    "script": "craco build --env production",
    "pkgname": "txclass_manager",
    "err": {
      "name": "pnpm",
      "message": "txclass_manager@0.1.0 build: `craco build --env production`\nspawn ENOENT",
      "code": "ELIFECYCLE",
      "stack": "pnpm: txclass_manager@0.1.0 build: `craco build --env production`\nspawn ENOENT\n    at ChildProcess.<anonymous> (/Users/mac/.nvm/versions/node/v16.13.1/lib/node_modules/pnpm/dist/pnpm.cjs:92290:22)\n    at ChildProcess.emit (node:events:390:28)\n    at maybeClose (node:internal/child_process:1064:16)\n    at Process.ChildProcess._handle.onexit (node:internal/child_process:301:5)"
    }
  },
  "2 warn pnpm:global": " Local package.json exists, but node_modules missing, did you mean to install?"
}